<?xml version="1.0" encoding="UTF-8"?>
<!-- Generated by org.testng.reporters.JUnitReportReporter -->
<testsuite skipped="0" hostname="LAPTOP-6F5CJ392" name="com.qa.crm.testCases.LoginPageTest" tests="3" failures="0" timestamp="2021-05-05T23:21:36 IST" time="30.912" errors="0">
  <testcase name="loginPageTitleTest" time="7.433" classname="com.qa.crm.testCases.LoginPageTest"/>
  <system-out/>
  <testcase name="crmLogoImageTest" time="7.610" classname="com.qa.crm.testCases.LoginPageTest"/>
  <system-out/>
  <testcase name="validateLogin" time="15.869" classname="com.qa.crm.testCases.LoginPageTest"/>
  <system-out/>
</testsuite> <!-- com.qa.crm.testCases.LoginPageTest -->
