<?xml version="1.0" encoding="UTF-8"?>
<!-- Generated by org.testng.reporters.JUnitReportReporter -->
<testsuite hostname="LAPTOP-6F5CJ392" failures="0" tests="1" name="com.qa.crm.testCases.ContactsPageTest" time="28.673" errors="0" timestamp="2021-05-05T13:18:16 IST" skipped="0">
  <testcase classname="com.qa.crm.testCases.ContactsPageTest" name="ValidateCreateNewContact" time="28.673"/>
  <system-out/>
</testsuite> <!-- com.qa.crm.testCases.ContactsPageTest -->
