<?xml version="1.0" encoding="UTF-8"?>
<!-- Generated by org.testng.reporters.JUnitReportReporter -->
<testsuite hostname="LAPTOP-6F5CJ392" failures="0" tests="3" name="com.qa.crm.testCases.ContactsPageTest" time="59.068" errors="0" timestamp="2021-05-05T22:49:30 IST" skipped="0">
  <testcase classname="com.qa.crm.testCases.ContactsPageTest" name="ValidateCreateNewContact" time="19.202"/>
  <system-out/>
  <testcase classname="com.qa.crm.testCases.ContactsPageTest" name="ValidateCreateNewContact" time="19.562"/>
  <system-out/>
  <testcase classname="com.qa.crm.testCases.ContactsPageTest" name="ValidateCreateNewContact" time="20.304"/>
  <system-out/>
</testsuite> <!-- com.qa.crm.testCases.ContactsPageTest -->
