<?xml version="1.0" encoding="UTF-8"?>
<!-- Generated by org.testng.reporters.JUnitReportReporter -->
<testsuite hostname="INPC1H2BTV" failures="0" tests="3" name="com.qa.crm.testCases.HomePageTest" time="41.490" errors="0" timestamp="2021-05-02T23:41:30 IST" skipped="0">
  <testcase classname="com.qa.crm.testCases.HomePageTest" name="HomePageTitleTest" time="13.500"/>
  <system-out/>
  <testcase classname="com.qa.crm.testCases.HomePageTest" name="crmUserNameTest" time="12.954"/>
  <system-out/>
  <testcase classname="com.qa.crm.testCases.HomePageTest" name="VerifyContactLinkTest" time="15.036"/>
  <system-out/>
</testsuite> <!-- com.qa.crm.testCases.HomePageTest -->
