<?xml version="1.0" encoding="UTF-8"?>
<!-- Generated by org.testng.reporters.JUnitReportReporter -->
<testsuite hostname="LAPTOP-6F5CJ392" failures="0" tests="3" name="com.qa.crm.testCases.LoginPageTest" time="36.331" errors="0" timestamp="2021-05-05T00:02:19 IST" skipped="0">
  <testcase classname="com.qa.crm.testCases.LoginPageTest" name="loginPageTitleTest" time="8.649"/>
  <system-out/>
  <testcase classname="com.qa.crm.testCases.LoginPageTest" name="crmLogoImageTest" time="12.518"/>
  <system-out/>
  <testcase classname="com.qa.crm.testCases.LoginPageTest" name="validateLogin" time="15.164"/>
  <system-out/>
</testsuite> <!-- com.qa.crm.testCases.LoginPageTest -->
