<?xml version="1.0" encoding="UTF-8"?>
<!-- Generated by org.testng.reporters.JUnitReportReporter -->
<testsuite skipped="0" hostname="LAPTOP-6F5CJ392" name="com.qa.crm.testCases.HomePageTest" tests="3" failures="0" timestamp="2021-05-05T23:21:36 IST" time="46.368" errors="0">
  <testcase name="HomePageTitleTest" time="15.732" classname="com.qa.crm.testCases.HomePageTest"/>
  <system-out/>
  <testcase name="crmUserNameTest" time="15.003" classname="com.qa.crm.testCases.HomePageTest"/>
  <system-out/>
  <testcase name="VerifyContactLinkTest" time="15.633" classname="com.qa.crm.testCases.HomePageTest"/>
  <system-out/>
</testsuite> <!-- com.qa.crm.testCases.HomePageTest -->
