<?xml version="1.0" encoding="UTF-8"?>
<!-- Generated by org.testng.reporters.JUnitReportReporter -->
<testsuite hostname="LAPTOP-6F5CJ392" failures="0" tests="3" name="com.qa.crm.testCases.HomePageTest" time="46.126" errors="0" timestamp="2021-05-05T00:02:19 IST" skipped="0">
  <testcase classname="com.qa.crm.testCases.HomePageTest" name="HomePageTitleTest" time="15.092"/>
  <system-out/>
  <testcase classname="com.qa.crm.testCases.HomePageTest" name="crmUserNameTest" time="15.032"/>
  <system-out/>
  <testcase classname="com.qa.crm.testCases.HomePageTest" name="VerifyContactLinkTest" time="16.002"/>
  <system-out/>
</testsuite> <!-- com.qa.crm.testCases.HomePageTest -->
