<?xml version="1.0" encoding="UTF-8"?>
<!-- Generated by org.testng.reporters.JUnitReportReporter -->
<testsuite hostname="INPC1H2BTV" failures="0" tests="3" name="com.qa.crm.testCases.LoginPageTest" time="30.631" errors="0" timestamp="2021-05-02T02:03:14 IST" skipped="0">
  <testcase classname="com.qa.crm.testCases.LoginPageTest" name="loginPageTitleTest" time="7.080"/>
  <system-out/>
  <testcase classname="com.qa.crm.testCases.LoginPageTest" name="crmLogoImageTest" time="7.464"/>
  <system-out/>
  <testcase classname="com.qa.crm.testCases.LoginPageTest" name="validateLogin" time="16.087"/>
  <system-out/>
</testsuite> <!-- com.qa.crm.testCases.LoginPageTest -->
